0 info it worked if it ends with ok
1 verbose cli [ '/usr/local/Cellar/node/7.4.0/bin/node',
1 verbose cli   '/usr/local/bin/npm',
1 verbose cli   'run',
1 verbose cli   'build-dist' ]
2 info using npm@4.0.5
3 info using node@v7.4.0
4 verbose run-script [ 'prebuild-dist', 'build-dist', 'postbuild-dist' ]
5 info lifecycle webpack-es6@1.0.0~prebuild-dist: webpack-es6@1.0.0
6 silly lifecycle webpack-es6@1.0.0~prebuild-dist: no script for prebuild-dist, continuing
7 info lifecycle webpack-es6@1.0.0~build-dist: webpack-es6@1.0.0
8 verbose lifecycle webpack-es6@1.0.0~build-dist: unsafe-perm in lifecycle true
9 verbose lifecycle webpack-es6@1.0.0~build-dist: PATH: /usr/local/lib/node_modules/npm/bin/node-gyp-bin:/Users/Andi 1/TIY/portfolio/node_modules/.bin:/usr/bin:/bin:/usr/sbin:/sbin:/usr/local/bin:/usr/local/share/dotnet
10 verbose lifecycle webpack-es6@1.0.0~build-dist: CWD: /Users/Andi 1/TIY/portfolio
11 silly lifecycle webpack-es6@1.0.0~build-dist: Args: [ '-c', 'webpack' ]
12 info lifecycle webpack-es6@1.0.0~build-dist: Failed to exec build-dist script
13 verbose stack Error: webpack-es6@1.0.0 build-dist: `webpack`
13 verbose stack spawn ENOENT
13 verbose stack     at ChildProcess.<anonymous> (/usr/local/lib/node_modules/npm/lib/utils/spawn.js:33:16)
13 verbose stack     at emitTwo (events.js:106:13)
13 verbose stack     at ChildProcess.emit (events.js:191:7)
13 verbose stack     at maybeClose (internal/child_process.js:885:16)
13 verbose stack     at Process.ChildProcess._handle.onexit (internal/child_process.js:226:5)
14 verbose pkgid webpack-es6@1.0.0
15 verbose cwd /Users/Andi 1/TIY/portfolio/src-client
16 error Darwin 15.6.0
17 error argv "/usr/local/Cellar/node/7.4.0/bin/node" "/usr/local/bin/npm" "run" "build-dist"
18 error node v7.4.0
19 error npm  v4.0.5
20 error file sh
21 error code ELIFECYCLE
22 error errno ENOENT
23 error syscall spawn
24 error webpack-es6@1.0.0 build-dist: `webpack`
24 error spawn ENOENT
25 error Failed at the webpack-es6@1.0.0 build-dist script 'webpack'.
25 error Make sure you have the latest version of node.js and npm installed.
25 error If you do, this is most likely a problem with the webpack-es6 package,
25 error not with npm itself.
25 error Tell the author that this fails on your system:
25 error     webpack
25 error You can get information on how to open an issue for this project with:
25 error     npm bugs webpack-es6
25 error Or if that isn't available, you can get their info via:
25 error     npm owner ls webpack-es6
25 error There is likely additional logging output above.
26 verbose exit [ 1, true ]
